[2015.12.04-08.41.30:852][  0]Log file open, 12/04/15 16:41:30
[2015.12.04-08.41.30:852][  0]LogInit:Display: Running engine for game: DaoSamsara
[2015.12.04-08.41.30:852][  0]LogPlatformFile: Not using cached read wrapper
[2015.12.04-08.41.30:852][  0]LogInit:Display: RandInit(-576784448) SRandInit(-576784446).
[2015.12.04-08.41.30:852][  0]LogTaskGraph: Started task graph with 4 named threads and 5 total threads.
[2015.12.04-08.41.30:852][  0]LogStats: Stats thread started at 0.063532
[2015.12.04-08.41.30:853][  0]LogInit: Version: 4.10.0-2758231+++depot+UE4-Releases+4.10
[2015.12.04-08.41.30:853][  0]LogInit: API Version: 2758231
[2015.12.04-08.41.30:853][  0]LogInit: Compiled (64-bit): Nov  7 2015 05:13:45
[2015.12.04-08.41.30:853][  0]LogInit: Compiled with Visual C++: 19.00.23026.00
[2015.12.04-08.41.30:853][  0]LogInit: Build Configuration: Development
[2015.12.04-08.41.30:853][  0]LogInit: Branch Name: ++depot+UE4-Releases+4.10
[2015.12.04-08.41.30:853][  0]LogInit: Command line:  
[2015.12.04-08.41.30:853][  0]LogInit: Base directory: H:/Program Files (x86)/Epic Games/4.10/Engine/Binaries/Win64/
[2015.12.04-08.41.30:853][  0]LogInit: Rocket: 1
[2015.12.04-08.41.30:870][  0]LogInit: Using libcurl 7.41.0
[2015.12.04-08.41.30:870][  0]LogInit:  - built for x86_64-pc-win32
[2015.12.04-08.41.30:870][  0]LogInit:  - supports SSL with WinSSL
[2015.12.04-08.41.30:870][  0]LogInit:  - other features:
[2015.12.04-08.41.30:870][  0]LogInit:      CURL_VERSION_SSL
[2015.12.04-08.41.30:870][  0]LogInit:      CURL_VERSION_IPV6
[2015.12.04-08.41.30:870][  0]LogInit:      CURL_VERSION_ASYNCHDNS
[2015.12.04-08.41.30:870][  0]LogInit:      CURL_VERSION_LARGEFILE
[2015.12.04-08.41.30:870][  0]LogInit:      CURL_VERSION_IDN
[2015.12.04-08.41.30:870][  0]LogInit:  CurlRequestOptions (configurable via config and command line):
[2015.12.04-08.41.30:870][  0]LogInit:  - bVerifyPeer = true  - Libcurl will verify peer certificate
[2015.12.04-08.41.30:870][  0]LogInit:  - bUseHttpProxy = false  - Libcurl will NOT use HTTP proxy
[2015.12.04-08.41.30:870][  0]LogInit:  - bDontReuseConnections = false  - Libcurl will reuse connections
[2015.12.04-08.41.30:870][  0]LogInit:  - CertBundlePath = nullptr  - Libcurl will use whatever was configured at build time.
[2015.12.04-08.41.30:884][  0]LogInit: Presizing for 0 objects not considered by GC, pre-allocating 0 bytes.
[2015.12.04-08.41.30:897][  0]LogInit: Object subsystem initialized
[2015.12.04-08.41.30:928][  0]LogInit: Selected Device Profile: [Windows]
[2015.12.04-08.41.30:928][  0]LogInit: Applying CVar settings loaded from the selected device profile: [Windows]
[2015.12.04-08.41.30:937][  0]LogInit: Computer: YUEBINBIN-PC
[2015.12.04-08.41.30:938][  0]LogInit: User: yuebinbin
[2015.12.04-08.41.30:938][  0]LogInit: CPU Page size=4096, Cores=2
[2015.12.04-08.41.30:938][  0]LogInit: High frequency timer resolution =2.873593 MHz
[2015.12.04-08.41.30:938][  0]LogMemory: Memory total: Physical=3.9GB (4GB approx)
[2015.12.04-08.41.30:938][  0]LogMemory: Platform Memory Stats for Windows
[2015.12.04-08.41.30:938][  0]LogMemory: Process Physical Memory: 55.71 MB used, 55.71 MB peak
[2015.12.04-08.41.30:938][  0]LogMemory: Process Virtual Memory: 58.38 MB used, 58.38 MB peak
[2015.12.04-08.41.30:938][  0]LogMemory: Physical Memory: 2885.03 MB used, 4023.12 MB total
[2015.12.04-08.41.30:938][  0]LogMemory: Virtual Memory: 351.51 MB used, 8388608.00 MB total
[2015.12.04-08.41.31:339][  0]LogD3D11RHI: Found D3D11 adapter 0: NVIDIA GeForce GT 240 (Feature Level 10_0)
[2015.12.04-08.41.31:339][  0]LogD3D11RHI: Adapter has 978MB of dedicated video memory, 0MB of dedicated system memory, and 1755MB of shared system memory, 1 output[s]
[2015.12.04-08.41.31:339][  0]LogD3D11RHI: Chosen D3D11 Adapter Id = 0
[2015.12.04-08.41.31:346][  0]LogD3D11RHI: !Direct3DDevice
[2015.12.04-08.41.31:346][  0]LogRHI: Texture pool is 684 MB (70% of 978 MB)
[2015.12.04-08.41.31:354][  0]LogD3D11RHI: Async texture creation enabled
[2015.12.04-08.41.31:372][  0]LogShaderCompilers: Guid format shader working directory is 17 characters bigger than the processId version (K:/project.git/trunk/DaoSamsara/Intermediate/Shaders/WorkingDirectory/4696/).
[2015.12.04-08.41.31:372][  0]LogShaderCompilers: Cleaned the shader compiler working directory 'C:/Users/jingjie/AppData/Local/Temp/UnrealShaderWorkingDir/25F1604A4C95D063103A968784DF5FBB/'.
[2015.12.04-08.41.31:372][  0]LogShaderCompilers:Display: Using Local Shader Compiler.
[2015.12.04-08.41.34:732][  0]LogTemp:Display: Loaded TP AllDesktopTargetPlatform
[2015.12.04-08.41.34:801][  0]LogTemp:Display: Loaded TP WindowsClientTargetPlatform
[2015.12.04-08.41.34:878][  0]LogTemp:Display: Loaded TP WindowsNoEditorTargetPlatform
[2015.12.04-08.41.34:930][  0]LogTemp:Display: Loaded TP WindowsServerTargetPlatform
[2015.12.04-08.41.34:976][  0]LogTemp:Display: Loaded TP WindowsTargetPlatform
[2015.12.04-08.41.35:011][  0]LogTemp:Display: Loaded TP AndroidTargetPlatform
[2015.12.04-08.41.35:050][  0]LogTemp:Display: Loaded TP Android_ASTCTargetPlatform
[2015.12.04-08.41.35:091][  0]LogTemp:Display: Loaded TP Android_ATCTargetPlatform
[2015.12.04-08.41.35:133][  0]LogTemp:Display: Loaded TP Android_DXTTargetPlatform
[2015.12.04-08.41.35:156][  0]LogTemp:Display: Loaded TP Android_ETC1TargetPlatform
[2015.12.04-08.41.35:190][  0]LogTemp:Display: Loaded TP Android_ETC2TargetPlatform
[2015.12.04-08.41.35:208][  0]LogTemp:Display: Loaded TP Android_MultiTargetPlatform
[2015.12.04-08.41.35:208][  0]LogTemp:Display: Loaded TP Android_PVRTCTargetPlatform
[2015.12.04-08.41.35:219][  0]LogTemp:Display: Loaded TP HTML5TargetPlatform
[2015.12.04-08.41.35:315][  0]LogTemp:Display: Loaded TP IOSTargetPlatform
[2015.12.04-08.41.35:355][  0]LogTemp:Display: Loaded TP LinuxNoEditorTargetPlatform
[2015.12.04-08.41.35:385][  0]LogTemp:Display: Loaded TP LinuxServerTargetPlatform
[2015.12.04-08.41.35:410][  0]LogTemp:Display: Loaded TP LinuxTargetPlatform
[2015.12.04-08.41.35:410][  0]LogTargetPlatformManager:Display: Building Assets For Windows
[2015.12.04-08.41.36:087][  0]LogDerivedDataCache:Display: Max Cache Size: 512 MB
[2015.12.04-08.41.36:840][  0]LogDerivedDataCache: Loaded boot cache 0.75s 36MB C:/Users/jingjie/AppData/Local/UnrealEngine/4.10/DerivedDataCache/Boot.ddc.
[2015.12.04-08.41.36:840][  0]LogDerivedDataCache:Display: Loaded Boot cache: C:/Users/jingjie/AppData/Local/UnrealEngine/4.10/DerivedDataCache/Boot.ddc
[2015.12.04-08.41.36:841][  0]LogDerivedDataCache: FDerivedDataBackendGraph:  Pak pak cache file K:/project.git/trunk/DaoSamsara/DerivedDataCache/DDC.ddp not found, will not use a pak cache.
[2015.12.04-08.41.36:841][  0]LogDerivedDataCache: Unable to find inner node Pak for hierarchical cache Hierarchy.
[2015.12.04-08.41.36:841][  0]LogDerivedDataCache: FDerivedDataBackendGraph:  CompressedPak pak cache file K:/project.git/trunk/DaoSamsara/DerivedDataCache/Compressed.ddp not found, will not use a pak cache.
[2015.12.04-08.41.36:841][  0]LogDerivedDataCache: Unable to find inner node CompressedPak for hierarchical cache Hierarchy.
[2015.12.04-08.41.36:955][  0]LogDerivedDataCache:Display: Pak cache opened for reading ../../../Engine/DerivedDataCache/Compressed.ddp.
[2015.12.04-08.41.36:966][  0]LogDerivedDataCache: Using Local data cache path C:/Users/jingjie/AppData/Local/UnrealEngine/Common/DerivedDataCache: Writable
[2015.12.04-08.41.41:292][  0]LogInit: Selected Device Profile: [Windows]
[2015.12.04-08.41.41:292][  0]LogContentStreaming: Texture pool size is 0.000000MB
[2015.12.04-08.41.41:376][  0]LogMeshUtilities: No automatic mesh reduction module available
[2015.12.04-08.41.41:376][  0]LogMeshUtilities: No automatic mesh merging module available
[2015.12.04-08.41.41:859][  0]LogInit: WinSock: version 1.1 (2.2), MaxSocks=32767, MaxUdp=65467
[2015.12.04-08.41.47:947][  0]UdpMessaging: Initializing bridge on interface 0.0.0.0:0 to multicast group 230.0.0.1:6666.
[2015.12.04-08.41.48:262][  0]LogAssetRegistry: FAssetRegistry took 0.0117 seconds to start up
[2015.12.04-08.41.48:781][  0]SourceControl: 信息 源码控制已禁用
[2015.12.04-08.41.48:781][  0]SourceControl: 信息 源码控制已禁用
[2015.12.04-08.41.48:830][  0]SourceControl: 信息 源码控制已禁用
[2015.12.04-08.41.48:888][  0]SourceControl: 信息 源码控制已禁用
[2015.12.04-08.41.49:820][  0]LogObj: 28633 objects as part of root set at end of initial load.
[2015.12.04-08.41.49:821][  0]LogUObjectAllocator: 6099744 out of 0 bytes used by permanent object pool.
[2015.12.04-08.41.49:957][  0]LogEngine: Initializing Engine...
[2015.12.04-08.41.49:969][  0]LogHMD: Can't find Oculus library dev build: is proper Runtime installed? Version: 0.8.0.0
[2015.12.04-08.41.50:000][  0]LogHMD: SteamVR failed to initialize.  Err: 110
[2015.12.04-08.41.50:177][  0]LogAIModule: Creating AISystem for world NewWorld
[2015.12.04-08.41.50:201][  0]LogInit: XAudio2 using '扬声器 (Realtek High Definition Audio)' : 2 channels at 48 kHz using 32 bits per sample (channel mask 0x3)
[2015.12.04-08.41.50:230][  0]LogInit: FAudioDevice initialized.
[2015.12.04-08.41.50:257][  0]LogDerivedDataCache: Saved boot cache 0.03s 36MB C:/Users/jingjie/AppData/Local/UnrealEngine/4.10/DerivedDataCache/Boot.ddc.
[2015.12.04-08.41.50:264][  0]LogInit: Texture streaming: Enabled
[2015.12.04-08.41.50:271][  0]LogAnalytics: Creating configured Analytics provider AnalyticsET
[2015.12.04-08.41.50:271][  0]LogAnalytics: [UEEditor.Rocket.Release] APIServer = http://et2.epicgames.com/ET2/. AppVersion = 4.10.0-2758231+++depot+UE4-Releases+4.10
[2015.12.04-08.41.50:271][  0]LogAnalytics: [UEEditor.Rocket.Release] SetUserId a68bcd43460ee0e32a6db99342067874|d5bfca844e3943ddb2566fb3152c49a9|9a19648a-ce79-4d27-800c-82201f9bc3cc
[2015.12.04-08.41.50:271][  0]LogAnalytics: [UEEditor.Rocket.Release] AnalyticsET::StartSession
[2015.12.04-08.41.50:428][  0]LogInit: Transaction tracking system initialized
[2015.12.04-08.41.50:717][  0]BlueprintLog: New page: 编辑器加载
[2015.12.04-08.41.53:175][  0]LocalizationService: 信息 本地化服务已被禁用
[2015.12.04-08.41.53:761][  0]LogConsoleResponse:Display: 
[2015.12.04-08.41.54:584][  0]LogCook:Display: Done creating registry. It took  0.00s.
[2015.12.04-08.41.55:040][  0]LogFileCache: Scanning file cache for directory 'K:/project.git/trunk/DaoSamsara/Content/' took 0.02s
[2015.12.04-08.41.55:083][  0]SourceControl: 信息 源码控制已禁用
[2015.12.04-08.41.55:083][  0]Cmd: MAP LOAD FILE="K:/project.git/trunk/DaoSamsara/Content/StarterContent/Maps/Minimal_Default.umap" TEMPLATE=0 SHOWPROGRESS=1 FEATURELEVEL=2
[2015.12.04-08.41.55:094][  0]LightingResults: New page: 光照构建
[2015.12.04-08.41.55:114][  0]MapCheck: New page: 地图检测
[2015.12.04-08.41.55:114][  0]LightingResults: New page: 光照构建
[2015.12.04-08.41.55:139][  0]LogParticles: Destroying 0 GPU particle simulations for FXSystem 0x000000001EA4E160
[2015.12.04-08.41.57:149][  0]LogMaterial: Missing cached shader map for material M_StatueGlass, compiling. 
[2015.12.04-08.41.57:482][  0]LogAIModule: Creating AISystem for world Minimal_Default
[2015.12.04-08.41.57:608][  0]LogEditorServer: Finished looking for orphan Actors (0.000 secs)
[2015.12.04-08.41.57:609][  0]Cmd: MAP CHECKDEP NOCLEARLOG
[2015.12.04-08.41.57:673][  0]MapCheck: 信息 地图检测完成：0个错误，0 个警告，用时64.327毫秒完成。
[2015.12.04-08.41.57:673][  0]LogFileHelpers: Loading map 'Minimal_Default' took 2.591
[2015.12.04-08.41.58:530][  0]LogCollectionManager: Loaded 0 collections in 0.008271 seconds
[2015.12.04-08.41.58:581][  0]LogFileCache: Scanning file cache for directory 'K:/project.git/trunk/DaoSamsara/Saved/Collections/' took 0.01s
[2015.12.04-08.41.58:581][  0]LogFileCache: Scanning file cache for directory 'K:/project.git/trunk/DaoSamsara/Content/Developers/yuebinbin/Collections/' took 0.01s
[2015.12.04-08.41.58:581][  0]LogFileCache: Scanning file cache for directory 'K:/project.git/trunk/DaoSamsara/Content/Collections/' took 0.00s
[2015.12.04-08.41.58:581][  0]LogCollectionManager: Rebuilt the GUID cache for 0 collections in 0.000002 seconds
[2015.12.04-08.41.58:610][  0]LogContentBrowser: Native class hierarchy populated in 0.0287 seconds. Added 1893 classes and 338 folders.
[2015.12.04-08.41.58:660][  0]LogContentBrowser: Native class hierarchy updated for 'WidgetCarousel' in 0.0006 seconds. Added 0 classes and 0 folders.
[2015.12.04-08.42.00:076][  0]LogContentBrowser: Native class hierarchy updated for 'AddContentDialog' in 0.0004 seconds. Added 0 classes and 0 folders.
[2015.12.04-08.42.00:120][  0]LogContentBrowser: Native class hierarchy updated for 'SceneOutliner' in 0.0005 seconds. Added 1 classes and 2 folders.
[2015.12.04-08.42.00:510][  0]LogCrashTracker: Crashtracker disabled due to settings.
[2015.12.04-08.42.01:269][  0]LogLoad: Full Startup: 31.01 seconds (BP compile: 0.19 seconds)
[2015.12.04-08.42.01:698][  0]LogOcInput: Can't find Oculus library dev build: is proper Runtime installed? Version: 0.8.0.0
[2015.12.04-08.42.03:990][  0]LogContentStreaming: Texture pool size now 1000 MB
[2015.12.04-08.42.04:480][  2]LogRenderer: Reallocating scene render targets to support 868x408 (Frame:2).
[2015.12.04-08.42.06:448][  6]LogAssetRegistry: Asset discovery search completed in 18.1987 seconds
[2015.12.04-08.42.06:449][  6]LogCollectionManager: Rebuilt the object cache for 0 collections in 0.000003 seconds (found 0 objects)
[2015.12.04-08.42.06:449][  6]LogCollectionManager: Fixed up redirectors for 0 collections in 0.000049 seconds (updated 0 objects)
[2015.12.04-08.42.08:788][ 86]LogShaderCompilers:Warning: Failed to compile Material /Game/StarterContent/Props/Materials/M_StatueGlass.M_StatueGlass for platform PCD3D_SM4, Default Material will be used in game.
[2015.12.04-08.43.04:414][941]Cmd: MAP LOAD FILE="K:/project.git/trunk/DaoSamsara/Content/StarterContent/Maps/Untitled.umap" TEMPLATE=0 SHOWPROGRESS=1 FEATURELEVEL=2
[2015.12.04-08.43.04:459][941]LightingResults: New page: 光照构建
[2015.12.04-08.43.04:489][941]LoadErrors: New page: 正在加载地图： Untitled.umap
[2015.12.04-08.43.04:596][941]MapCheck: New page: 地图检测
[2015.12.04-08.43.04:596][941]LightingResults: New page: 光照构建
[2015.12.04-08.43.04:660][941]LogParticles: Destroying 0 GPU particle simulations for FXSystem 0x000000001E3B76A0
[2015.12.04-08.43.06:124][941]LogTexture:Display: 正在构建贴图: HQ_Lightmap0_1 (AutoDXT)
[2015.12.04-08.43.06:793][941]LogTexture:Display: 正在构建贴图: LQ_Lightmap_0_1 (DXT1)
[2015.12.04-08.43.07:087][941]LogTexture:Display: 正在构建贴图: ShadowMapTexture2D_11 (BGRA8)
[2015.12.04-08.43.07:153][941]LogAIModule: Creating AISystem for world Untitled
[2015.12.04-08.43.07:163][941]LogPrimitiveComponent: Zero scaling not supported (/Game/StarterContent/Maps/Untitled.Untitled:PersistentLevel.PlayerStart_1.CollisionCapsule)
[2015.12.04-08.43.07:213][941]LogEditorServer: Finished looking for orphan Actors (0.000 secs)
[2015.12.04-08.43.07:306][941]Cmd: MAP CHECKDEP NOCLEARLOG
[2015.12.04-08.43.07:371][941]MapCheck: 信息 地图检测完成：0个错误，0 个警告，用时63.859毫秒完成。
[2015.12.04-08.43.07:371][941]LogFileHelpers: Loading map 'Untitled' took 2.969
[2015.12.04-08.44.04:854][666]Cmd: QUIT_EDITOR
[2015.12.04-08.44.05:278][666]LogExit: Preparing to exit.
[2015.12.04-08.44.06:366][666]LogExit: Editor shut down
[2015.12.04-08.44.06:367][666]LogExit: Transaction tracking system shut down
[2015.12.04-08.44.06:400][666]LogParticles: Destroying 0 GPU particle simulations for FXSystem 0x000000000F5880E0
[2015.12.04-08.44.06:401][666]LogParticles: Destroying 0 GPU particle simulations for FXSystem 0x0000000023D5C400
[2015.12.04-08.44.07:605][666]LogExit: Object subsystem successfully closed.
[2015.12.04-08.44.07:747][666]LogD3D11RHI: Shutdown
[2015.12.04-08.44.07:747][666]LogD3D11RHI: CleanupD3DDevice
[2015.12.04-08.44.07:898][666]LogD3D11RHI: ~FD3D11DynamicRHI
[2015.12.04-08.44.08:389][666]LogModuleManager: Shutting down and abandoning module ExternalImagePicker (199)
[2015.12.04-08.44.08:389][666]LogModuleManager: Shutting down and abandoning module CrashTracker (198)
[2015.12.04-08.44.08:389][666]LogModuleManager: Shutting down and abandoning module SceneOutliner (197)
[2015.12.04-08.44.08:389][666]LogModuleManager: Shutting down and abandoning module SuperSearch (196)
[2015.12.04-08.44.08:389][666]LogModuleManager: Shutting down and abandoning module WidgetCarousel (195)
[2015.12.04-08.44.08:395][666]LogModuleManager: Shutting down and abandoning module AddContentDialog (194)
[2015.12.04-08.44.08:414][666]LogModuleManager: Shutting down and abandoning module EditorWidgets (193)
[2015.12.04-08.44.08:414][666]LogModuleManager: Shutting down and abandoning module CollectionManager (192)
[2015.12.04-08.44.08:414][666]LogModuleManager: Shutting down and abandoning module StatsViewer (191)
[2015.12.04-08.44.08:425][666]LogModuleManager: Shutting down and abandoning module FoliageEdit (190)
[2015.12.04-08.44.08:425][666]LogModuleManager: Shutting down and abandoning module LandscapeEditor (189)
[2015.12.04-08.44.08:426][666]LogModuleManager: Shutting down and abandoning module ActorPickerMode (188)
[2015.12.04-08.44.08:426][666]LogModuleManager: Shutting down and abandoning module GeometryMode (187)
[2015.12.04-08.44.08:426][666]LogModuleManager: Shutting down and abandoning module TextureAlignMode (186)
[2015.12.04-08.44.08:426][666]LogModuleManager: Shutting down and abandoning module BspMode (185)
[2015.12.04-08.44.08:426][666]LogModuleManager: Shutting down and abandoning module PlacementMode (184)
[2015.12.04-08.44.08:426][666]LogModuleManager: Shutting down and abandoning module AutomationWorker (183)
[2015.12.04-08.44.08:426][666]LogModuleManager: Shutting down and abandoning module CharacterAI (182)
[2015.12.04-08.44.08:426][666]LogModuleManager: Shutting down and abandoning module SmartSnapping (181)
[2015.12.04-08.44.08:426][666]LogModuleManager: Shutting down and abandoning module ViewportSnapping (180)
[2015.12.04-08.44.08:426][666]LogModuleManager: Shutting down and abandoning module LogVisualizer (179)
[2015.12.04-08.44.08:426][666]LogModuleManager: Shutting down and abandoning module GameProjectGeneration (178)
[2015.12.04-08.44.08:440][666]LogModuleManager: Shutting down and abandoning module IntroTutorials (177)
[2015.12.04-08.44.08:448][666]LogModuleManager: Shutting down and abandoning module EditorLiveStreaming (176)
[2015.12.04-08.44.08:448][666]LogModuleManager: Shutting down and abandoning module IOSPlatformEditor (175)
[2015.12.04-08.44.08:448][666]LogModuleManager: Shutting down and abandoning module HTML5PlatformEditor (174)
[2015.12.04-08.44.08:448][666]LogModuleManager: Shutting down and abandoning module AndroidDeviceDetection (173)
[2015.12.04-08.44.08:457][666]LogModuleManager: Shutting down and abandoning module AndroidPlatformEditor (172)
[2015.12.04-08.44.08:457][666]LogModuleManager: Shutting down and abandoning module IOSRuntimeSettings (171)
[2015.12.04-08.44.08:457][666]LogModuleManager: Shutting down and abandoning module AndroidRuntimeSettings (170)
[2015.12.04-08.44.08:457][666]LogModuleManager: Shutting down and abandoning module MergeActors (169)
[2015.12.04-08.44.08:457][666]LogModuleManager: Shutting down and abandoning module SizeMap (168)
[2015.12.04-08.44.08:457][666]LogModuleManager: Shutting down and abandoning module TreeMap (167)
[2015.12.04-08.44.08:457][666]LogModuleManager: Shutting down and abandoning module ReferenceViewer (166)
[2015.12.04-08.44.08:457][666]LogModuleManager: Shutting down and abandoning module LocalizationService (165)
[2015.12.04-08.44.08:458][666]LogModuleManager: Shutting down and abandoning module LocalizationDashboard (164)
[2015.12.04-08.44.08:458][666]LogModuleManager: Shutting down and abandoning module HardwareTargeting (163)
[2015.12.04-08.44.08:463][666]LogModuleManager: Shutting down and abandoning module DeviceProfileEditor (162)
[2015.12.04-08.44.08:463][666]LogModuleManager: Shutting down and abandoning module UndoHistory (161)
[2015.12.04-08.44.08:463][666]LogModuleManager: Shutting down and abandoning module GameplayTagsEditor (160)
[2015.12.04-08.44.08:463][666]LogModuleManager: Shutting down and abandoning module UserFeedback (159)
[2015.12.04-08.44.08:463][666]LogModuleManager: Shutting down and abandoning module XmlParser (158)
[2015.12.04-08.44.08:471][666]LogModuleManager: Shutting down and abandoning module Blutility (157)
[2015.12.04-08.44.08:471][666]LogModuleManager: Shutting down and abandoning module ProjectTargetPlatformEditor (156)
[2015.12.04-08.44.08:471][666]LogModuleManager: Shutting down and abandoning module ProjectSettingsViewer (155)
[2015.12.04-08.44.08:471][666]LogModuleManager: Shutting down and abandoning module InputBindingEditor (154)
[2015.12.04-08.44.08:472][666]LogModuleManager: Shutting down and abandoning module EditorSettingsViewer (153)
[2015.12.04-08.44.08:473][666]LogModuleManager: Shutting down and abandoning module SettingsEditor (152)
[2015.12.04-08.44.08:483][666]LogModuleManager: Shutting down and abandoning module ProjectLauncher (151)
[2015.12.04-08.44.08:483][666]LogModuleManager: Shutting down and abandoning module SessionFrontend (150)
[2015.12.04-08.44.08:483][666]LogModuleManager: Shutting down and abandoning module ProfilerClient (149)
[2015.12.04-08.44.08:487][666]LogModuleManager: Shutting down and abandoning module TargetDeviceServices (148)
[2015.12.04-08.44.08:494][666]LogModuleManager: Shutting down and abandoning module DeviceManager (147)
[2015.12.04-08.44.08:500][666]LogModuleManager: Shutting down and abandoning module AutomationController (146)
[2015.12.04-08.44.08:509][666]LogModuleManager: Shutting down and abandoning module AutomationWindow (145)
[2015.12.04-08.44.08:521][666]LogModuleManager: Shutting down and abandoning module Layers (144)
[2015.12.04-08.44.08:536][666]LogModuleManager: Shutting down and abandoning module ComponentVisualizers (143)
[2015.12.04-08.44.08:537][666]LogModuleManager: Shutting down and abandoning module DetailCustomizations (142)
[2015.12.04-08.44.08:537][666]LogModuleManager: Shutting down and abandoning module PackagesDialog (141)
[2015.12.04-08.44.08:537][666]LogModuleManager: Shutting down and abandoning module Persona (140)
[2015.12.04-08.44.08:569][666]LogModuleManager: Shutting down and abandoning module Kismet (139)
[2015.12.04-08.44.08:580][666]LogModuleManager: Shutting down and abandoning module GraphEditor (138)
[2015.12.04-08.44.08:595][666]LogModuleManager: Shutting down and abandoning module ClassViewer (137)
[2015.12.04-08.44.08:605][666]LogModuleManager: Shutting down and abandoning module Toolbox (136)
[2015.12.04-08.44.08:605][666]LogModuleManager: Shutting down and abandoning module ModuleUI (135)
[2015.12.04-08.44.08:611][666]LogModuleManager: Shutting down and abandoning module MovieSceneTools (134)
[2015.12.04-08.44.08:620][666]LogModuleManager: Shutting down and abandoning module OutputLog (133)
[2015.12.04-08.44.08:620][666]LogModuleManager: Shutting down and abandoning module GammaUI (132)
[2015.12.04-08.44.08:631][666]LogModuleManager: Shutting down and abandoning module Documentation (131)
[2015.12.04-08.44.08:631][666]LogModuleManager: Shutting down and abandoning module GameLiveStreaming (130)
[2015.12.04-08.44.08:640][666]LogModuleManager: Shutting down and abandoning module StreamingPauseRendering (129)
[2015.12.04-08.44.08:640][666]LogModuleManager: Shutting down and abandoning module AnalyticsET (128)
[2015.12.04-08.44.08:640][666]LogModuleManager: Shutting down and abandoning module Analytics (127)
[2015.12.04-08.44.08:640][666]LogModuleManager: Shutting down and abandoning module AITestSuite (126)
[2015.12.04-08.44.08:658][666]LogModuleManager: Shutting down and abandoning module GameplayDebugger (125)
[2015.12.04-08.44.08:667][666]LogModuleManager: Shutting down and abandoning module AIModule (124)
[2015.12.04-08.44.08:678][666]LogModuleManager: Shutting down and abandoning module ProfilerService (123)
[2015.12.04-08.44.08:849][666]LogModuleManager: Shutting down and abandoning module TaskGraph (122)
[2015.12.04-08.44.08:858][666]LogModuleManager: Shutting down and abandoning module SlateRemote (121)
[2015.12.04-08.44.08:858][666]LogModuleManager: Shutting down and abandoning module SteamVRController (120)
[2015.12.04-08.44.08:858][666]LogModuleManager: Shutting down and abandoning module SteamVR (119)
[2015.12.04-08.44.08:858][666]LogModuleManager: Shutting down and abandoning module ProceduralMeshComponent (118)
[2015.12.04-08.44.08:858][666]LogModuleManager: Shutting down and abandoning module OculusLibrary (117)
[2015.12.04-08.44.08:858][666]LogModuleManager: Shutting down and abandoning module OculusInput (116)
[2015.12.04-08.44.08:858][666]LogModuleManager: Shutting down and abandoning module LeapMotionController (115)
[2015.12.04-08.44.08:913][666]LogModuleManager: Shutting down and abandoning module CustomMeshComponent (114)
[2015.12.04-08.44.08:913][666]LogModuleManager: Shutting down and abandoning module CableComponent (113)
[2015.12.04-08.44.08:921][666]LogModuleManager: Shutting down and abandoning module ArchVisCharacter (112)
[2015.12.04-08.44.08:921][666]LogModuleManager: Shutting down and abandoning module MessagingDebugger (111)
[2015.12.04-08.44.08:942][666]LogModuleManager: Shutting down and abandoning module MediaPlayerEditor (110)
[2015.12.04-08.44.08:960][666]LogModuleManager: Shutting down and abandoning module HTML5Networking (109)
[2015.12.04-08.44.08:960][666]LogModuleManager: Shutting down and abandoning module SpeedTreeImporter (108)
[2015.12.04-08.44.08:960][666]LogModuleManager: Shutting down and abandoning module PluginBrowser (107)
[2015.12.04-08.44.08:977][666]LogModuleManager: Shutting down and abandoning module EpicSurvey (106)
[2015.12.04-08.44.08:979][666]LogModuleManager: Shutting down and abandoning module DesktopPlatform (105)
[2015.12.04-08.44.08:990][666]LogModuleManager: Shutting down and abandoning module VisualStudioSourceCodeAccess (104)
[2015.12.04-08.44.08:996][666]LogModuleManager: Shutting down and abandoning module UObjectPlugin (103)
[2015.12.04-08.44.08:996][666]LogModuleManager: Shutting down and abandoning module SubversionSourceControl (102)
[2015.12.04-08.44.09:004][666]LogModuleManager: Shutting down and abandoning module PerforceSourceControl (101)
[2015.12.04-08.44.09:014][666]LogModuleManager: Shutting down and abandoning module SourceControl (100)
[2015.12.04-08.44.09:024][666]LogModuleManager: Shutting down and abandoning module GitSourceControl (99)
[2015.12.04-08.44.09:039][666]LogModuleManager: Shutting down and abandoning module LightPropagationVolumeEditor (98)
[2015.12.04-08.44.09:039][666]LogModuleManager: Shutting down and abandoning module PaperTiledImporter (97)
[2015.12.04-08.44.09:048][666]LogModuleManager: Shutting down and abandoning module PaperSpriteSheetImporter (96)
[2015.12.04-08.44.09:048][666]LogModuleManager: Shutting down and abandoning module MeshPaint (95)
[2015.12.04-08.44.09:048][666]LogModuleManager: Shutting down and abandoning module SlateReflector (94)
[2015.12.04-08.44.09:064][666]LogModuleManager: Shutting down and abandoning module HotReload (93)
[2015.12.04-08.44.09:074][666]LogModuleManager: Shutting down and abandoning module MainFrame (92)
[2015.12.04-08.44.09:075][666]LogModuleManager: Shutting down and abandoning module LevelEditor (91)
[2015.12.04-08.44.09:083][666]LogModuleManager: Shutting down and abandoning module DirectoryWatcher (90)
[2015.12.04-08.44.09:085][666]LogModuleManager: Shutting down and abandoning module AssetRegistry (89)
[2015.12.04-08.44.09:207][666]LogModuleManager: Shutting down and abandoning module ContentBrowser (88)
[2015.12.04-08.44.09:208][666]LogModuleManager: Shutting down and abandoning module Paper2DEditor (87)
[2015.12.04-08.44.09:297][666]LogModuleManager: Shutting down and abandoning module UdpMessaging (86)
[2015.12.04-08.44.09:398][666]LogModuleManager: Shutting down and abandoning module LightPropagationVolumeRuntime (85)
[2015.12.04-08.44.09:398][666]LogModuleManager: Shutting down and abandoning module Paper2D (84)
[2015.12.04-08.44.09:439][666]LogModuleManager: Shutting down and abandoning module WindowsMoviePlayer (83)
[2015.12.04-08.44.09:477][666]LogModuleManager: Shutting down and abandoning module Media (82)
[2015.12.04-08.44.09:478][666]LogModuleManager: Shutting down and abandoning module WmfMedia (81)
[2015.12.04-08.44.09:514][666]LogModuleManager: Shutting down and abandoning module OnlineBlueprintSupport (80)
[2015.12.04-08.44.09:514][666]LogModuleManager: Shutting down and abandoning module GameplayTasksEditor (79)
[2015.12.04-08.44.09:514][666]LogModuleManager: Shutting down and abandoning module PropertyEditor (78)
[2015.12.04-08.44.09:514][666]LogModuleManager: Shutting down and abandoning module BehaviorTreeEditor (77)
[2015.12.04-08.44.09:619][666]LogModuleManager: Shutting down and abandoning module FunctionalTesting (76)
[2015.12.04-08.44.09:619][666]LogModuleManager: Shutting down and abandoning module CollisionAnalyzer (75)
[2015.12.04-08.44.09:684][666]LogModuleManager: Shutting down and abandoning module WorkspaceMenuStructure (74)
[2015.12.04-08.44.09:684][666]LogModuleManager: Shutting down and abandoning module MessageLog (73)
[2015.12.04-08.44.09:684][666]LogModuleManager: Shutting down and abandoning module Sequencer (72)
[2015.12.04-08.44.09:808][666]LogModuleManager: Shutting down and abandoning module AssetTools (71)
[2015.12.04-08.44.09:881][666]LogModuleManager: Shutting down and abandoning module UMGEditor (70)
[2015.12.04-08.44.09:932][666]LogModuleManager: Shutting down and abandoning module UMG (69)
[2015.12.04-08.44.09:945][666]LogModuleManager: Shutting down and abandoning module Slate (68)
[2015.12.04-08.44.09:945][666]LogModuleManager: Shutting down and abandoning module EditorStyle (67)
[2015.12.04-08.44.09:949][666]LogModuleManager: Shutting down and abandoning module SessionServices (66)
[2015.12.04-08.44.09:949][666]LogModuleManager: Shutting down and abandoning module SourceCodeAccess (65)
[2015.12.04-08.44.09:949][666]LogModuleManager: Shutting down and abandoning module HeadMountedDisplay (64)
[2015.12.04-08.44.09:949][666]LogModuleManager: Shutting down and abandoning module XAudio2 (63)
[2015.12.04-08.44.09:949][666]LogModuleManager: Shutting down and abandoning module Networking (61)
[2015.12.04-08.44.09:950][666]LogModuleManager: Shutting down and abandoning module Core (60)
[2015.12.04-08.44.09:950][666]LogModuleManager: Shutting down and abandoning module KismetCompiler (59)
[2015.12.04-08.44.09:950][666]LogModuleManager: Shutting down and abandoning module PhysXFormats (58)
[2015.12.04-08.44.09:950][666]LogModuleManager: Shutting down and abandoning module MeshUtilities (57)
[2015.12.04-08.44.09:958][666]LogModuleManager: Shutting down and abandoning module DerivedDataCache (56)
[2015.12.04-08.44.10:021][666]LogDerivedDataCache: Shutdown
[2015.12.04-08.44.10:021][666]LogModuleManager: Shutting down and abandoning module ShaderFormatOpenGL (55)
[2015.12.04-08.44.10:028][666]LogModuleManager: Shutting down and abandoning module ShaderFormatD3D (54)
[2015.12.04-08.44.10:036][666]LogModuleManager: Shutting down and abandoning module MetalShaderFormat (53)
[2015.12.04-08.44.10:047][666]LogModuleManager: Shutting down and abandoning module TextureFormatUncompressed (52)
[2015.12.04-08.44.10:047][666]LogModuleManager: Shutting down and abandoning module TextureFormatPVR (51)
[2015.12.04-08.44.10:050][666]LogModuleManager: Shutting down and abandoning module TextureFormatIntelISPCTexComp (50)
[2015.12.04-08.44.10:054][666]LogModuleManager: Shutting down and abandoning module TextureFormatDXT (49)
[2015.12.04-08.44.10:054][666]LogModuleManager: Shutting down and abandoning module ImageWrapper (48)
[2015.12.04-08.44.10:054][666]LogModuleManager: Shutting down and abandoning module TextureFormatASTC (47)
[2015.12.04-08.44.10:054][666]LogModuleManager: Shutting down and abandoning module TextureFormatAndroid (46)
[2015.12.04-08.44.10:054][666]LogModuleManager: Shutting down and abandoning module AudioFormatOpus (45)
[2015.12.04-08.44.10:061][666]LogModuleManager: Shutting down and abandoning module AudioFormatOgg (44)
[2015.12.04-08.44.10:068][666]LogModuleManager: Shutting down and abandoning module AudioFormatADPCM (43)
[2015.12.04-08.44.10:071][666]LogModuleManager: Shutting down and abandoning module LinuxTargetPlatform (42)
[2015.12.04-08.44.10:071][666]LogModuleManager: Shutting down and abandoning module LinuxServerTargetPlatform (41)
[2015.12.04-08.44.10:080][666]LogModuleManager: Shutting down and abandoning module LinuxNoEditorTargetPlatform (40)
[2015.12.04-08.44.10:081][666]LogModuleManager: Shutting down and abandoning module Messaging (39)
[2015.12.04-08.44.10:081][666]LogModuleManager: Shutting down and abandoning module IOSTargetPlatform (38)
[2015.12.04-08.44.10:081][666]LogModuleManager: Shutting down and abandoning module HTML5TargetPlatform (37)
[2015.12.04-08.44.10:081][666]LogModuleManager: Shutting down and abandoning module Android_PVRTCTargetPlatform (36)
[2015.12.04-08.44.10:081][666]LogModuleManager: Shutting down and abandoning module Android_MultiTargetPlatform (35)
[2015.12.04-08.44.10:081][666]LogModuleManager: Shutting down and abandoning module Android_ETC2TargetPlatform (34)
[2015.12.04-08.44.10:081][666]LogModuleManager: Shutting down and abandoning module Android_ETC1TargetPlatform (33)
[2015.12.04-08.44.10:081][666]LogModuleManager: Shutting down and abandoning module Android_DXTTargetPlatform (32)
[2015.12.04-08.44.10:081][666]LogModuleManager: Shutting down and abandoning module Android_ATCTargetPlatform (31)
[2015.12.04-08.44.10:081][666]LogModuleManager: Shutting down and abandoning module Android_ASTCTargetPlatform (30)
[2015.12.04-08.44.10:081][666]LogModuleManager: Shutting down and abandoning module AndroidTargetPlatform (29)
[2015.12.04-08.44.10:081][666]LogModuleManager: Shutting down and abandoning module WindowsTargetPlatform (28)
[2015.12.04-08.44.10:081][666]LogModuleManager: Shutting down and abandoning module WindowsServerTargetPlatform (27)
[2015.12.04-08.44.10:090][666]LogModuleManager: Shutting down and abandoning module WindowsNoEditorTargetPlatform (26)
[2015.12.04-08.44.10:094][666]LogModuleManager: Shutting down and abandoning module WindowsClientTargetPlatform (25)
[2015.12.04-08.44.10:102][666]LogModuleManager: Shutting down and abandoning module AllDesktopTargetPlatform (24)
[2015.12.04-08.44.10:102][666]LogModuleManager: Shutting down and abandoning module TargetPlatform (23)
[2015.12.04-08.44.10:102][666]LogModuleManager: Shutting down and abandoning module InputCore (22)
[2015.12.04-08.44.10:102][666]LogModuleManager: Shutting down and abandoning module Settings (21)
[2015.12.04-08.44.10:103][666]LogModuleManager: Shutting down and abandoning module OnlineSubsystem (19)
[2015.12.04-08.44.10:103][666]LogModuleManager: Shutting down and abandoning module HTTP (18)
[2015.12.04-08.44.13:103][666]LogModuleManager: Shutting down and abandoning module XMPP (17)
[2015.12.04-08.44.13:128][666]LogModuleManager: Shutting down and abandoning module OculusRift (16)
[2015.12.04-08.44.13:136][666]LogModuleManager: Shutting down and abandoning module ExampleDeviceProfileSelector (15)
[2015.12.04-08.44.13:136][666]LogModuleManager: Shutting down and abandoning module TextureCompressor (14)
[2015.12.04-08.44.13:136][666]LogModuleManager: Shutting down and abandoning module ShaderCore (13)
[2015.12.04-08.44.13:136][666]LogModuleManager: Shutting down and abandoning module Landscape (12)
[2015.12.04-08.44.13:136][666]LogModuleManager: Shutting down and abandoning module SlateRHIRenderer (11)
[2015.12.04-08.44.13:160][666]LogModuleManager: Shutting down and abandoning module OpenGLDrv (10)
[2015.12.04-08.44.13:190][666]LogModuleManager: Shutting down and abandoning module D3D11RHI (9)
[2015.12.04-08.44.13:190][666]LogModuleManager: Shutting down and abandoning module AnimGraphRuntime (8)
[2015.12.04-08.44.13:200][666]LogModuleManager: Shutting down and abandoning module Renderer (7)
[2015.12.04-08.44.13:200][666]LogModuleManager: Shutting down and abandoning module Engine (6)
[2015.12.04-08.44.13:200][666]LogModuleManager: Shutting down and abandoning module CoreUObject (5)
[2015.12.04-08.44.13:201][666]LogModuleManager: Shutting down and abandoning module NetworkFile (4)
[2015.12.04-08.44.13:212][666]LogModuleManager: Shutting down and abandoning module StreamingFile (3)
[2015.12.04-08.44.13:217][666]LogModuleManager: Shutting down and abandoning module SandboxFile (2)
[2015.12.04-08.44.13:225][666]LogModuleManager: Shutting down and abandoning module PakFile (1)
[2015.12.04-08.44.13:269][666]LogExit: Exiting.
[2015.12.04-08.44.13:314][666]Log file closed, 12/04/15 16:44:13
